<?xml version="1.0" encoding="UTF-8"?>
<!-- Generated by org.testng.reporters.JUnitReportReporter -->
<testsuite hostname="DESKTOP-UG8O867" failures="0" tests="1" name="reusableMethods.WM_TS_2HYB" time="1.605" errors="0" timestamp="2023-05-15T23:17:09 IST" skipped="0">
  <testcase classname="reusableMethods.WM_TS_2HYB" name="TC7" time="1.605"/>
  <system-out/>
</testsuite> <!-- reusableMethods.WM_TS_2HYB -->
