<?xml version="1.0" encoding="UTF-8"?>
<!-- Generated by org.testng.reporters.JUnitReportReporter -->
<testsuite hostname="DESKTOP-UG8O867" failures="0" tests="1" name="com.WebMath.WM_TS_10" time="14.463" errors="0" timestamp="2023-05-13T18:33:38 IST" skipped="0">
  <testcase classname="com.WebMath.WM_TS_10" name="TC11" time="14.463"/>
  <system-out/>
</testsuite> <!-- com.WebMath.WM_TS_10 -->
