<?xml version="1.0" encoding="UTF-8"?>
<!-- Generated by org.testng.reporters.JUnitReportReporter -->
<testsuite hostname="DESKTOP-UG8O867" failures="0" tests="1" name="com.WebMath.WM_TS_12" time="16.348" errors="0" timestamp="2023-05-14T15:51:05 IST" skipped="0">
  <testcase classname="com.WebMath.WM_TS_12" name="TC8" time="16.348"/>
  <system-out/>
</testsuite> <!-- com.WebMath.WM_TS_12 -->
